INFO:  ANSI Code Page: 936
INFO:  latexindent.exe version 3.24.5, 2025-03-13, a script to indent .tex files
       latexindent.exe lives here: D:/APP/texlive/2025/bin/windows/
       Fri Sep  5 15:51:27 2025
       Filename: c:/Users/29959/university/latexProj/CETW2025-DID/src/__latexindent_temp_DID_mp.tex
INFO:  Processing switches:
       -y|--yaml: YAML settings specified via command line
       -c|--cruft: cruft directory
INFO:  Directory for backup files and log file c:\Users\29959\university\latexProj\CETW2025-DID\indent.log:
       c:\Users\29959\university\latexProj\CETW2025-DID\
INFO:  YAML settings read: defaultSettings.yaml
       Reading defaultSettings.yaml from D:/APP/texlive/2025/bin/windows/defaultSettings.yaml
       Reading defaultSettings.yaml (2nd attempt) from D:/APP/texlive/2025/bin/windows/../../texmf-dist/scripts/latexindent/defaultSettings.yaml
       and then, if necessary, D:/APP/texlive/2025/bin/windows/LatexIndent/defaultSettings.yaml
INFO:  YAML reading settings
       Home directory is C:\Users\29959
       latexindent.pl didn't find indentconfig.yaml or .indentconfig.yaml
       see all possible locations: https://latexindentpl.readthedocs.io/en/latest/sec-appendices.html#indentconfig-options)
INFO:  YAML settings read: -y switch
       YAML setting: defaultIndent:'  '
       single-quoted string found in -y switch: '  ', substitute to   
       Updating mainSettings with defaultIndent:   
INFO:  Phase 1: searching for objects
INFO:  Phase 2: finding surrounding indentation
INFO:  Phase 3: indenting objects
INFO:  Phase 4: final indentation check
INFO:  Output routine:
       Not outputting to file; see -w and -o switches for more options.
       --------------
INFO:  Please direct all communication/issues to:
        https://github.com/cmhughes/latexindent.pl
